14:57:27.917 [main] INFO  testcases.TC_001_AccountRegistrationTest - *******TC_001_AccountRegistrationTest******
14:57:28.138 [main] INFO  testcases.TC_001_AccountRegistrationTest - click On MyAccount
14:57:32.522 [main] INFO  testcases.TC_001_AccountRegistrationTest - click On Register
14:57:32.524 [main] INFO  testcases.TC_001_AccountRegistrationTest - providing customer details
14:57:36.093 [main] INFO  testcases.TC_001_AccountRegistrationTest - click On Continue
14:58:24.085 [main] INFO  testcases.TC_001_AccountRegistrationTest - *******TC_001_AccountRegistrationTest******
14:58:24.154 [main] INFO  testcases.TC_001_AccountRegistrationTest - click On MyAccount
14:58:24.836 [main] INFO  testcases.TC_001_AccountRegistrationTest - click On Register
14:58:24.836 [main] INFO  testcases.TC_001_AccountRegistrationTest - providing customer details
14:58:25.749 [main] INFO  testcases.TC_001_AccountRegistrationTest - click On Continue
14:58:25.787 [main] INFO  testcases.TC_001_AccountRegistrationTest - ******* Finished TC_001_AccountRegistrationTest******
15:04:57.513 [main] INFO  testcases.TC_001_AccountRegistrationTest - *******TC_001_AccountRegistrationTest******
15:04:57.631 [main] INFO  testcases.TC_001_AccountRegistrationTest - click On MyAccount
15:04:58.082 [main] INFO  testcases.TC_001_AccountRegistrationTest - click On Register
15:04:58.084 [main] INFO  testcases.TC_001_AccountRegistrationTest - providing customer details
15:04:59.160 [main] INFO  testcases.TC_001_AccountRegistrationTest - click On Continue
15:04:59.195 [main] INFO  testcases.TC_001_AccountRegistrationTest - Test Passed
15:04:59.196 [main] INFO  testcases.TC_001_AccountRegistrationTest - ******* Finished TC_001_AccountRegistrationTest******
15:08:36.075 [main] ERROR testcases.TC_001_AccountRegistrationTest - Test failed
15:10:01.695 [main] INFO  testcases.TC_001_AccountRegistrationTest - *******TC_001_AccountRegistrationTest******
15:10:01.816 [main] INFO  testcases.TC_001_AccountRegistrationTest - click On MyAccount
15:10:02.429 [main] INFO  testcases.TC_001_AccountRegistrationTest - click On Register
15:10:02.433 [main] INFO  testcases.TC_001_AccountRegistrationTest - providing customer details
15:10:03.644 [main] INFO  testcases.TC_001_AccountRegistrationTest - click On Continue
15:10:03.689 [main] ERROR testcases.TC_001_AccountRegistrationTest - Test failed
15:18:33.030 [main] INFO  testcases.TC_001_AccountRegistrationTest - *******TC_001_AccountRegistrationTest******
15:18:33.032 [main] INFO  testcases.TC_001_AccountRegistrationTest - Generating Debug Logs
15:18:33.139 [main] INFO  testcases.TC_001_AccountRegistrationTest - click On MyAccount
15:18:33.638 [main] INFO  testcases.TC_001_AccountRegistrationTest - click On Register
15:18:33.640 [main] INFO  testcases.TC_001_AccountRegistrationTest - providing customer details
15:18:34.532 [main] INFO  testcases.TC_001_AccountRegistrationTest - click On Continue
15:18:34.582 [main] ERROR testcases.TC_001_AccountRegistrationTest - Test failed
15:19:24.250 [main] DEBUG io.netty.util.internal.logging.InternalLoggerFactory - Using Log4J2 as the default logging framework
15:19:24.324 [main] DEBUG io.netty.util.ResourceLeakDetector - -Dio.netty.leakDetection.level: simple
15:19:24.324 [main] DEBUG io.netty.util.ResourceLeakDetector - -Dio.netty.leakDetection.targetRecords: 4
15:19:24.327 [main] DEBUG io.netty.util.ResourceLeakDetectorFactory - Loaded default ResourceLeakDetector: io.netty.util.ResourceLeakDetector@74518890
15:19:24.340 [main] DEBUG io.netty.util.internal.PlatformDependent0 - -Dio.netty.noUnsafe: false
15:19:24.340 [main] DEBUG io.netty.util.internal.PlatformDependent0 - Java version: 17
15:19:24.341 [main] DEBUG io.netty.util.internal.PlatformDependent0 - sun.misc.Unsafe.theUnsafe: available
15:19:24.341 [main] DEBUG io.netty.util.internal.PlatformDependent0 - sun.misc.Unsafe.copyMemory: available
15:19:24.341 [main] DEBUG io.netty.util.internal.PlatformDependent0 - sun.misc.Unsafe.storeFence: available
15:19:24.341 [main] DEBUG io.netty.util.internal.PlatformDependent0 - java.nio.Buffer.address: available
15:19:24.342 [main] DEBUG io.netty.util.internal.PlatformDependent0 - direct buffer constructor: unavailable: Reflective setAccessible(true) disabled
15:19:24.342 [main] DEBUG io.netty.util.internal.PlatformDependent0 - java.nio.Bits.unaligned: available, true
15:19:24.343 [main] DEBUG io.netty.util.internal.PlatformDependent0 - jdk.internal.misc.Unsafe.allocateUninitializedArray(int): unavailable: class io.netty.util.internal.PlatformDependent0$7 cannot access class jdk.internal.misc.Unsafe (in module java.base) because module java.base does not export jdk.internal.misc to unnamed module @2cb4c3ab
15:19:24.344 [main] DEBUG io.netty.util.internal.PlatformDependent0 - java.nio.DirectByteBuffer.<init>(long, int): unavailable
15:19:24.344 [main] DEBUG io.netty.util.internal.PlatformDependent - sun.misc.Unsafe: available
15:19:24.346 [main] DEBUG io.netty.util.internal.PlatformDependent - maxDirectMemory: 2076180480 bytes (maybe)
15:19:24.346 [main] DEBUG io.netty.util.internal.PlatformDependent - -Dio.netty.tmpdir: C:\Users\RAMKUM~1\AppData\Local\Temp (java.io.tmpdir)
15:19:24.346 [main] DEBUG io.netty.util.internal.PlatformDependent - -Dio.netty.bitMode: 64 (sun.arch.data.model)
15:19:24.347 [main] DEBUG io.netty.util.internal.PlatformDependent - Platform: Windows
15:19:24.347 [main] DEBUG io.netty.util.internal.PlatformDependent - -Dio.netty.maxDirectMemory: -1 bytes
15:19:24.347 [main] DEBUG io.netty.util.internal.PlatformDependent - -Dio.netty.uninitializedArrayAllocationThreshold: -1
15:19:24.348 [main] DEBUG io.netty.util.internal.CleanerJava9 - java.nio.ByteBuffer.cleaner(): available
15:19:24.348 [main] DEBUG io.netty.util.internal.PlatformDependent - -Dio.netty.noPreferDirect: false
15:19:24.354 [main] DEBUG io.netty.util.internal.PlatformDependent - org.jctools-core.MpscChunkedArrayQueue: available
15:19:24.367 [main] DEBUG io.netty.util.internal.InternalThreadLocalMap - -Dio.netty.threadLocalMap.stringBuilder.initialSize: 1024
15:19:24.367 [main] DEBUG io.netty.util.internal.InternalThreadLocalMap - -Dio.netty.threadLocalMap.stringBuilder.maxSize: 4096
15:19:24.522 [main] DEBUG io.netty.handler.ssl.JdkSslContext - Default protocols (JDK): [TLSv1.3, TLSv1.2] 
15:19:24.522 [main] DEBUG io.netty.handler.ssl.JdkSslContext - Default cipher suites (JDK): [TLS_ECDHE_ECDSA_WITH_AES_256_GCM_SHA384, TLS_ECDHE_ECDSA_WITH_AES_128_GCM_SHA256, TLS_ECDHE_RSA_WITH_AES_128_GCM_SHA256, TLS_ECDHE_RSA_WITH_AES_256_GCM_SHA384, TLS_ECDHE_RSA_WITH_AES_128_CBC_SHA, TLS_ECDHE_RSA_WITH_AES_256_CBC_SHA, TLS_RSA_WITH_AES_128_GCM_SHA256, TLS_RSA_WITH_AES_128_CBC_SHA, TLS_RSA_WITH_AES_256_CBC_SHA, TLS_AES_128_GCM_SHA256, TLS_AES_256_GCM_SHA384]
15:19:24.531 [main] DEBUG io.netty.util.concurrent.GlobalEventExecutor - -Dio.netty.globalEventExecutor.quietPeriodSeconds: 1
15:19:24.540 [main] DEBUG io.netty.channel.MultithreadEventLoopGroup - -Dio.netty.eventLoopThreads: 8
15:19:24.546 [main] DEBUG io.netty.channel.nio.NioEventLoop - -Dio.netty.noKeySetOptimization: false
15:19:24.546 [main] DEBUG io.netty.channel.nio.NioEventLoop - -Dio.netty.selectorAutoRebuildThreshold: 512
15:19:24.577 [main] DEBUG io.netty.buffer.PooledByteBufAllocator - -Dio.netty.allocator.numHeapArenas: 8
15:19:24.577 [main] DEBUG io.netty.buffer.PooledByteBufAllocator - -Dio.netty.allocator.numDirectArenas: 8
15:19:24.577 [main] DEBUG io.netty.buffer.PooledByteBufAllocator - -Dio.netty.allocator.pageSize: 8192
15:19:24.577 [main] DEBUG io.netty.buffer.PooledByteBufAllocator - -Dio.netty.allocator.maxOrder: 9
15:19:24.577 [main] DEBUG io.netty.buffer.PooledByteBufAllocator - -Dio.netty.allocator.chunkSize: 4194304
15:19:24.577 [main] DEBUG io.netty.buffer.PooledByteBufAllocator - -Dio.netty.allocator.smallCacheSize: 256
15:19:24.577 [main] DEBUG io.netty.buffer.PooledByteBufAllocator - -Dio.netty.allocator.normalCacheSize: 64
15:19:24.577 [main] DEBUG io.netty.buffer.PooledByteBufAllocator - -Dio.netty.allocator.maxCachedBufferCapacity: 32768
15:19:24.577 [main] DEBUG io.netty.buffer.PooledByteBufAllocator - -Dio.netty.allocator.cacheTrimInterval: 8192
15:19:24.577 [main] DEBUG io.netty.buffer.PooledByteBufAllocator - -Dio.netty.allocator.cacheTrimIntervalMillis: 0
15:19:24.577 [main] DEBUG io.netty.buffer.PooledByteBufAllocator - -Dio.netty.allocator.useCacheForAllThreads: false
15:19:24.577 [main] DEBUG io.netty.buffer.PooledByteBufAllocator - -Dio.netty.allocator.maxCachedByteBuffersPerChunk: 1023
15:19:24.587 [main] DEBUG io.netty.buffer.ByteBufUtil - -Dio.netty.allocator.type: pooled
15:19:24.587 [main] DEBUG io.netty.buffer.ByteBufUtil - -Dio.netty.threadLocalDirectBufferSize: 0
15:19:24.587 [main] DEBUG io.netty.buffer.ByteBufUtil - -Dio.netty.maxThreadLocalCharBufferSize: 16384
15:19:24.934 [Forwarding newSession on session null to remote] DEBUG io.netty.channel.DefaultChannelId - -Dio.netty.processId: 14988 (auto-detected)
15:19:24.935 [Forwarding newSession on session null to remote] DEBUG io.netty.util.NetUtil - -Djava.net.preferIPv4Stack: false
15:19:24.935 [Forwarding newSession on session null to remote] DEBUG io.netty.util.NetUtil - -Djava.net.preferIPv6Addresses: false
15:19:24.947 [Forwarding newSession on session null to remote] DEBUG io.netty.util.NetUtilInitializations - Loopback interface: lo (Software Loopback Interface 1, 127.0.0.1)
15:19:24.948 [Forwarding newSession on session null to remote] DEBUG io.netty.util.NetUtil - Failed to get SOMAXCONN from sysctl and file \proc\sys\net\core\somaxconn. Default: 200
15:19:24.960 [Forwarding newSession on session null to remote] DEBUG io.netty.channel.DefaultChannelId - -Dio.netty.machineId: f0:77:c3:ff:fe:22:e4:03 (auto-detected)
15:19:24.992 [AsyncHttpClient-1-2] DEBUG io.netty.buffer.AbstractByteBuf - -Dio.netty.buffer.checkAccessible: true
15:19:24.993 [AsyncHttpClient-1-2] DEBUG io.netty.buffer.AbstractByteBuf - -Dio.netty.buffer.checkBounds: true
15:19:24.993 [AsyncHttpClient-1-2] DEBUG io.netty.util.ResourceLeakDetectorFactory - Loaded default ResourceLeakDetector: io.netty.util.ResourceLeakDetector@6d05ed10
15:19:25.010 [AsyncHttpClient-1-2] DEBUG io.netty.util.Recycler - -Dio.netty.recycler.maxCapacityPerThread: 4096
15:19:25.010 [AsyncHttpClient-1-2] DEBUG io.netty.util.Recycler - -Dio.netty.recycler.ratio: 8
15:19:25.010 [AsyncHttpClient-1-2] DEBUG io.netty.util.Recycler - -Dio.netty.recycler.chunkSize: 32
15:19:25.010 [AsyncHttpClient-1-2] DEBUG io.netty.util.Recycler - -Dio.netty.recycler.blocking: false
15:19:25.010 [AsyncHttpClient-1-2] DEBUG io.netty.util.Recycler - -Dio.netty.recycler.batchFastThreadLocalOnly: true
15:19:26.427 [AsyncHttpClient-1-2] DEBUG io.netty.handler.codec.compression.Brotli - brotli4j not in the classpath; Brotli support will be unavailable.
15:19:26.539 [main] DEBUG io.netty.util.internal.ThreadLocalRandom - -Dio.netty.initialSeedUniquifier: 0x640bf74370586bd5
15:19:28.866 [main] INFO  testcases.TC_001_AccountRegistrationTest - *******TC_001_AccountRegistrationTest******
15:19:28.867 [main] INFO  testcases.TC_001_AccountRegistrationTest - Generating Debug Logs
15:19:28.968 [main] INFO  testcases.TC_001_AccountRegistrationTest - click On MyAccount
15:19:29.538 [main] INFO  testcases.TC_001_AccountRegistrationTest - click On Register
15:19:29.539 [main] INFO  testcases.TC_001_AccountRegistrationTest - providing customer details
15:19:30.471 [main] INFO  testcases.TC_001_AccountRegistrationTest - click On Continue
15:19:30.517 [main] INFO  testcases.TC_001_AccountRegistrationTest - Test Passed
15:19:30.519 [main] INFO  testcases.TC_001_AccountRegistrationTest - ******* Finished TC_001_AccountRegistrationTest******
11:05:24.193 [main] INFO  testcases.TC_001_AccountRegistrationTest - *******TC_001_AccountRegistrationTest******
11:05:24.352 [main] INFO  testcases.TC_001_AccountRegistrationTest - Generating Debug Logs
11:05:25.225 [main] INFO  testcases.TC_001_AccountRegistrationTest - click On MyAccount
11:05:25.781 [main] INFO  testcases.TC_001_AccountRegistrationTest - click On Register
11:05:25.889 [main] INFO  testcases.TC_001_AccountRegistrationTest - providing customer details
11:05:27.059 [main] INFO  testcases.TC_001_AccountRegistrationTest - click On Continue
11:05:27.478 [main] INFO  testcases.TC_001_AccountRegistrationTest - Test Passed
11:05:27.481 [main] INFO  testcases.TC_001_AccountRegistrationTest - ******* Finished TC_001_AccountRegistrationTest******
11:05:54.913 [main] INFO  testcases.TC_001_AccountRegistrationTest - *******TC_001_AccountRegistrationTest******
11:05:54.915 [main] INFO  testcases.TC_001_AccountRegistrationTest - Generating Debug Logs
11:05:55.105 [main] INFO  testcases.TC_001_AccountRegistrationTest - click On MyAccount
11:05:57.430 [main] INFO  testcases.TC_001_AccountRegistrationTest - click On Register
11:05:57.435 [main] INFO  testcases.TC_001_AccountRegistrationTest - providing customer details
11:06:08.927 [main] INFO  testcases.TC_001_AccountRegistrationTest - click On Continue
11:06:08.964 [main] INFO  testcases.TC_001_AccountRegistrationTest - Test Passed
11:06:08.964 [main] INFO  testcases.TC_001_AccountRegistrationTest - ******* Finished TC_001_AccountRegistrationTest******
11:09:59.725 [main] INFO  testcases.TC_001_AccountRegistrationTest - *******TC_001_AccountRegistrationTest******
11:09:59.731 [main] INFO  testcases.TC_001_AccountRegistrationTest - Generating Debug Logs
11:10:00.803 [main] INFO  testcases.TC_001_AccountRegistrationTest - click On MyAccount
11:10:09.093 [main] INFO  testcases.TC_001_AccountRegistrationTest - click On Register
11:10:09.254 [main] INFO  testcases.TC_001_AccountRegistrationTest - providing customer details
11:10:10.643 [main] INFO  testcases.TC_001_AccountRegistrationTest - click On Continue
11:10:10.691 [main] INFO  testcases.TC_001_AccountRegistrationTest - Test Passed
11:10:10.691 [main] INFO  testcases.TC_001_AccountRegistrationTest - ******* Finished TC_001_AccountRegistrationTest******
11:11:21.562 [main] INFO  testcases.TC_001_AccountRegistrationTest - *******TC_001_AccountRegistrationTest******
11:11:21.562 [main] INFO  testcases.TC_001_AccountRegistrationTest - Generating Debug Logs
11:11:21.640 [main] INFO  testcases.TC_001_AccountRegistrationTest - click On MyAccount
11:11:22.335 [main] INFO  testcases.TC_001_AccountRegistrationTest - click On Register
11:11:22.337 [main] INFO  testcases.TC_001_AccountRegistrationTest - providing customer details
11:11:23.953 [main] INFO  testcases.TC_001_AccountRegistrationTest - click On Continue
11:11:23.999 [main] INFO  testcases.TC_001_AccountRegistrationTest - Test Passed
11:11:24.000 [main] INFO  testcases.TC_001_AccountRegistrationTest - ******* Finished TC_001_AccountRegistrationTest******
11:14:25.176 [TestNG-tests-1] INFO  testcases.TC_001_AccountRegistrationTest - *******TC_001_AccountRegistrationTest******
11:14:25.439 [TestNG-tests-1] INFO  testcases.TC_001_AccountRegistrationTest - Generating Debug Logs
11:14:28.565 [TestNG-tests-1] INFO  testcases.TC_001_AccountRegistrationTest - click On MyAccount
11:14:31.782 [TestNG-tests-1] INFO  testcases.TC_001_AccountRegistrationTest - click On Register
11:14:31.859 [TestNG-tests-1] INFO  testcases.TC_001_AccountRegistrationTest - providing customer details
11:14:36.604 [TestNG-tests-1] INFO  testcases.TC_001_AccountRegistrationTest - click On Continue
11:14:36.870 [TestNG-tests-1] INFO  testcases.TC_001_AccountRegistrationTest - Test Passed
11:14:36.876 [TestNG-tests-1] INFO  testcases.TC_001_AccountRegistrationTest - ******* Finished TC_001_AccountRegistrationTest******
11:14:38.165 [TestNG-tests-2] INFO  testcases.TC_001_AccountRegistrationTest - *******TC_001_AccountRegistrationTest******
11:14:38.165 [TestNG-tests-2] INFO  testcases.TC_001_AccountRegistrationTest - Generating Debug Logs
11:14:39.724 [TestNG-tests-2] INFO  testcases.TC_001_AccountRegistrationTest - click On MyAccount
11:14:40.429 [TestNG-tests-2] INFO  testcases.TC_001_AccountRegistrationTest - click On Register
11:14:40.432 [TestNG-tests-2] INFO  testcases.TC_001_AccountRegistrationTest - providing customer details
11:14:41.856 [TestNG-tests-2] INFO  testcases.TC_001_AccountRegistrationTest - click On Continue
11:14:41.901 [TestNG-tests-2] INFO  testcases.TC_001_AccountRegistrationTest - Test Passed
11:14:41.901 [TestNG-tests-2] INFO  testcases.TC_001_AccountRegistrationTest - ******* Finished TC_001_AccountRegistrationTest******
11:19:49.529 [TestNG-tests-1] INFO  testcases.TC_001_AccountRegistrationTest - *******TC_001_AccountRegistrationTest******
11:19:49.538 [TestNG-tests-1] INFO  testcases.TC_001_AccountRegistrationTest - Generating Debug Logs
11:19:50.206 [TestNG-tests-1] INFO  testcases.TC_001_AccountRegistrationTest - click On MyAccount
11:19:50.381 [TestNG-tests-2] INFO  testcases.TC_001_AccountRegistrationTest - *******TC_001_AccountRegistrationTest******
11:19:50.382 [TestNG-tests-2] INFO  testcases.TC_001_AccountRegistrationTest - Generating Debug Logs
11:19:50.638 [TestNG-tests-2] INFO  testcases.TC_001_AccountRegistrationTest - click On MyAccount
11:19:51.827 [TestNG-tests-2] INFO  testcases.TC_001_AccountRegistrationTest - click On Register
11:19:51.955 [TestNG-tests-2] INFO  testcases.TC_001_AccountRegistrationTest - providing customer details
11:19:52.041 [TestNG-tests-1] INFO  testcases.TC_001_AccountRegistrationTest - click On Register
11:19:52.045 [TestNG-tests-1] INFO  testcases.TC_001_AccountRegistrationTest - providing customer details
11:19:54.223 [TestNG-tests-2] INFO  testcases.TC_001_AccountRegistrationTest - click On Continue
11:19:54.283 [TestNG-tests-2] INFO  testcases.TC_001_AccountRegistrationTest - Test Passed
11:19:54.286 [TestNG-tests-2] INFO  testcases.TC_001_AccountRegistrationTest - ******* Finished TC_001_AccountRegistrationTest******
11:19:54.352 [TestNG-tests-1] INFO  testcases.TC_001_AccountRegistrationTest - click On Continue
11:19:54.458 [TestNG-tests-1] INFO  testcases.TC_001_AccountRegistrationTest - Test Passed
11:19:54.458 [TestNG-tests-1] INFO  testcases.TC_001_AccountRegistrationTest - ******* Finished TC_001_AccountRegistrationTest******
11:24:29.461 [TestNG-tests-1] INFO  testcases.TC_001_AccountRegistrationTest - *******TC_001_AccountRegistrationTest******
11:24:29.474 [TestNG-tests-1] INFO  testcases.TC_001_AccountRegistrationTest - Generating Debug Logs
11:24:29.611 [TestNG-tests-1] INFO  testcases.TC_001_AccountRegistrationTest - click On MyAccount
11:24:31.276 [TestNG-tests-1] INFO  testcases.TC_001_AccountRegistrationTest - click On Register
11:24:31.279 [TestNG-tests-1] INFO  testcases.TC_001_AccountRegistrationTest - providing customer details
11:24:32.795 [TestNG-tests-1] INFO  testcases.TC_001_AccountRegistrationTest - click On Continue
11:24:32.845 [TestNG-tests-1] INFO  testcases.TC_001_AccountRegistrationTest - Test Passed
11:24:32.851 [TestNG-tests-1] INFO  testcases.TC_001_AccountRegistrationTest - ******* Finished TC_001_AccountRegistrationTest******
11:24:32.976 [TestNG-tests-2] INFO  testcases.TC_001_AccountRegistrationTest - *******TC_001_AccountRegistrationTest******
11:24:32.977 [TestNG-tests-2] INFO  testcases.TC_001_AccountRegistrationTest - Generating Debug Logs
11:24:33.241 [TestNG-tests-2] INFO  testcases.TC_001_AccountRegistrationTest - click On MyAccount
11:24:33.871 [TestNG-tests-2] INFO  testcases.TC_001_AccountRegistrationTest - click On Register
11:24:33.872 [TestNG-tests-2] INFO  testcases.TC_001_AccountRegistrationTest - providing customer details
11:24:38.918 [TestNG-tests-2] INFO  testcases.TC_001_AccountRegistrationTest - click On Continue
11:24:38.953 [TestNG-tests-2] INFO  testcases.TC_001_AccountRegistrationTest - Test Passed
11:24:38.953 [TestNG-tests-2] INFO  testcases.TC_001_AccountRegistrationTest - ******* Finished TC_001_AccountRegistrationTest******
14:22:40.837 [TestNG-tests-1] INFO  testcases.TC_001_AccountRegistrationTest - *******TC_001_AccountRegistrationTest******
14:22:40.998 [TestNG-tests-1] INFO  testcases.TC_001_AccountRegistrationTest - Generating Debug Logs
14:22:43.774 [TestNG-tests-1] INFO  testcases.TC_001_AccountRegistrationTest - click On MyAccount
14:22:45.436 [TestNG-tests-2] INFO  testcases.TC_001_AccountRegistrationTest - *******TC_001_AccountRegistrationTest******
14:22:45.437 [TestNG-tests-2] INFO  testcases.TC_001_AccountRegistrationTest - Generating Debug Logs
14:22:45.537 [TestNG-tests-2] INFO  testcases.TC_001_AccountRegistrationTest - click On MyAccount
14:22:47.825 [TestNG-tests-1] INFO  testcases.TC_001_AccountRegistrationTest - click On Register
14:22:47.866 [TestNG-tests-1] INFO  testcases.TC_001_AccountRegistrationTest - providing customer details
14:22:47.911 [TestNG-tests-2] INFO  testcases.TC_001_AccountRegistrationTest - click On Register
14:22:47.915 [TestNG-tests-2] INFO  testcases.TC_001_AccountRegistrationTest - providing customer details
14:22:56.009 [TestNG-tests-1] INFO  testcases.TC_001_AccountRegistrationTest - click On Continue
14:22:56.163 [TestNG-tests-1] INFO  testcases.TC_001_AccountRegistrationTest - Test Passed
14:22:56.387 [TestNG-tests-1] INFO  testcases.TC_001_AccountRegistrationTest - ******* Finished TC_001_AccountRegistrationTest******
14:23:04.452 [TestNG-tests-2] INFO  testcases.TC_001_AccountRegistrationTest - click On Continue
14:23:04.493 [TestNG-tests-2] INFO  testcases.TC_001_AccountRegistrationTest - Test Passed
14:23:04.493 [TestNG-tests-2] INFO  testcases.TC_001_AccountRegistrationTest - ******* Finished TC_001_AccountRegistrationTest******
09:05:48.753 [main] INFO  testcases.TC_001_AccountRegistrationTest - *******TC_001_AccountRegistrationTest******
09:05:49.153 [main] INFO  testcases.TC_001_AccountRegistrationTest - click On MyAccount
09:05:49.651 [main] INFO  testcases.TC_001_AccountRegistrationTest - click On Register
09:05:49.653 [main] INFO  testcases.TC_001_AccountRegistrationTest - providing customer details
09:05:51.384 [main] INFO  testcases.TC_001_AccountRegistrationTest - click On Continue
09:05:51.427 [main] INFO  testcases.TC_001_AccountRegistrationTest - ******* Finished TC_001_AccountRegistrationTest******
10:40:22.229 [main] INFO  testcases.TC_001_AccountRegistrationTest - *******TC_001_AccountRegistrationTest******
10:40:23.031 [main] INFO  testcases.TC_001_AccountRegistrationTest - click On MyAccount
10:40:24.260 [main] INFO  testcases.TC_001_AccountRegistrationTest - click On Register
10:40:24.293 [main] INFO  testcases.TC_001_AccountRegistrationTest - providing customer details
10:40:26.948 [main] INFO  testcases.TC_001_AccountRegistrationTest - click On Continue
10:40:27.039 [main] INFO  testcases.TC_001_AccountRegistrationTest - ******* Finished TC_001_AccountRegistrationTest******
12:47:06.430 [main] INFO  testcases.TC_001_AccountRegistrationTest - *******TC_001_AccountRegistrationTest******
12:47:08.086 [main] INFO  testcases.TC_001_AccountRegistrationTest - click On MyAccount
12:47:09.151 [main] INFO  testcases.TC_001_AccountRegistrationTest - click On Register
12:47:09.173 [main] INFO  testcases.TC_001_AccountRegistrationTest - providing customer details
12:47:10.983 [main] INFO  testcases.TC_001_AccountRegistrationTest - click On Continue
12:47:11.088 [main] INFO  testcases.TC_001_AccountRegistrationTest - ******* Finished TC_001_AccountRegistrationTest******
12:50:01.066 [main] INFO  testcases.TC_001_AccountRegistrationTest - *******TC_001_AccountRegistrationTest******
12:50:01.208 [main] INFO  testcases.TC_001_AccountRegistrationTest - click On MyAccount
12:50:02.095 [main] INFO  testcases.TC_001_AccountRegistrationTest - click On Register
12:50:02.100 [main] INFO  testcases.TC_001_AccountRegistrationTest - providing customer details
12:50:03.156 [main] INFO  testcases.TC_001_AccountRegistrationTest - click On Continue
12:50:03.210 [main] INFO  testcases.TC_001_AccountRegistrationTest - ******* Finished TC_001_AccountRegistrationTest******
13:01:46.326 [main] INFO  testcases.TC_001_AccountRegistrationTest - *******TC_001_AccountRegistrationTest******
13:01:46.451 [main] INFO  testcases.TC_001_AccountRegistrationTest - click On MyAccount
13:01:46.984 [main] INFO  testcases.TC_001_AccountRegistrationTest - click On Register
13:01:46.987 [main] INFO  testcases.TC_001_AccountRegistrationTest - providing customer details
13:01:47.937 [main] INFO  testcases.TC_001_AccountRegistrationTest - click On Continue
13:01:47.988 [main] INFO  testcases.TC_001_AccountRegistrationTest - ******* Finished TC_001_AccountRegistrationTest******
13:01:53.894 [main] INFO  testcases.TC_002LoginTest - ***********TC_002_LoginTest******
13:01:54.000 [main] INFO  testcases.TC_002LoginTest - click on my account
13:01:54.248 [main] INFO  testcases.TC_002LoginTest - click on Login
13:01:54.323 [main] INFO  testcases.TC_002LoginTest - enter email
13:01:54.409 [main] INFO  testcases.TC_002LoginTest - enter pwd
13:01:54.628 [main] INFO  testcases.TC_002LoginTest - click on login
13:08:10.735 [main] INFO  testcases.TC_001_AccountRegistrationTest - *******TC_001_AccountRegistrationTest******
13:08:10.948 [main] INFO  testcases.TC_001_AccountRegistrationTest - click On MyAccount
13:08:11.364 [main] INFO  testcases.TC_001_AccountRegistrationTest - click On Register
13:08:11.367 [main] INFO  testcases.TC_001_AccountRegistrationTest - providing customer details
13:08:12.239 [main] INFO  testcases.TC_001_AccountRegistrationTest - click On Continue
13:08:12.282 [main] INFO  testcases.TC_001_AccountRegistrationTest - ******* Finished TC_001_AccountRegistrationTest******
13:08:18.072 [main] INFO  testcases.TC_002LoginTest - ***********TC_002_LoginTest******
13:08:18.141 [main] INFO  testcases.TC_002LoginTest - click on my account
13:08:18.418 [main] INFO  testcases.TC_002LoginTest - click on Login
13:08:18.527 [main] INFO  testcases.TC_002LoginTest - enter email
13:08:18.621 [main] INFO  testcases.TC_002LoginTest - enter pwd
13:08:18.938 [main] INFO  testcases.TC_002LoginTest - click on login
13:44:52.047 [main] INFO  testcases.TC_001_AccountRegistrationTest - *******TC_001_AccountRegistrationTest******
13:44:52.539 [main] INFO  testcases.TC_001_AccountRegistrationTest - click On MyAccount
13:44:53.517 [main] INFO  testcases.TC_001_AccountRegistrationTest - click On Register
13:44:53.573 [main] INFO  testcases.TC_001_AccountRegistrationTest - providing customer details
13:44:57.368 [main] INFO  testcases.TC_001_AccountRegistrationTest - click On Continue
13:44:57.436 [main] INFO  testcases.TC_001_AccountRegistrationTest - ******* Finished TC_001_AccountRegistrationTest******
13:45:02.870 [main] INFO  testcases.TC_002LoginTest - ***********TC_002_LoginTest******
13:45:02.984 [main] INFO  testcases.TC_002LoginTest - click on my account
13:45:03.323 [main] INFO  testcases.TC_002LoginTest - click on Login
13:45:03.438 [main] INFO  testcases.TC_002LoginTest - enter email
13:45:03.507 [main] INFO  testcases.TC_002LoginTest - enter pwd
13:45:03.808 [main] INFO  testcases.TC_002LoginTest - click on login
13:55:56.141 [main] INFO  testcases.TC_003_LoginDataDrivenTest - startting TC_003_LoginDataDrivenTest
13:55:56.277 [main] INFO  testcases.TC_003_LoginDataDrivenTest - click on my account
13:55:56.553 [main] INFO  testcases.TC_003_LoginDataDrivenTest - click on Login
13:55:56.708 [main] INFO  testcases.TC_003_LoginDataDrivenTest - enter email
13:55:56.802 [main] INFO  testcases.TC_003_LoginDataDrivenTest - enter pwd
13:55:57.143 [main] INFO  testcases.TC_003_LoginDataDrivenTest - click on login
15:51:27.384 [main] INFO  testcases.TC_003_LoginDataDrivenTest - startting TC_003_LoginDataDrivenTest
15:51:27.649 [main] INFO  testcases.TC_003_LoginDataDrivenTest - click on my account
15:51:28.196 [main] INFO  testcases.TC_003_LoginDataDrivenTest - click on Login
15:51:28.886 [main] INFO  testcases.TC_003_LoginDataDrivenTest - enter email
15:51:29.011 [main] INFO  testcases.TC_003_LoginDataDrivenTest - enter pwd
15:51:29.451 [main] INFO  testcases.TC_003_LoginDataDrivenTest - click on login
16:08:33.605 [main] INFO  testcases.TC_003_LoginDataDrivenTest - startting TC_003_LoginDataDrivenTest
16:08:33.805 [main] INFO  testcases.TC_003_LoginDataDrivenTest - click on my account
16:08:34.038 [main] INFO  testcases.TC_003_LoginDataDrivenTest - click on Login
16:08:34.275 [main] INFO  testcases.TC_003_LoginDataDrivenTest - enter email
16:08:34.384 [main] INFO  testcases.TC_003_LoginDataDrivenTest - enter pwd
16:08:34.716 [main] INFO  testcases.TC_003_LoginDataDrivenTest - click on login
16:26:54.945 [main] INFO  testcases.TC_003_LoginDataDrivenTest - startting TC_003_LoginDataDrivenTest
16:26:55.119 [main] INFO  testcases.TC_003_LoginDataDrivenTest - click on my account
16:26:55.403 [main] INFO  testcases.TC_003_LoginDataDrivenTest - click on Login
16:26:55.567 [main] INFO  testcases.TC_003_LoginDataDrivenTest - enter email
16:26:55.640 [main] INFO  testcases.TC_003_LoginDataDrivenTest - enter pwd
16:26:56.007 [main] INFO  testcases.TC_003_LoginDataDrivenTest - click on login
16:28:10.958 [main] INFO  testcases.TC_001_AccountRegistrationTest - *******TC_001_AccountRegistrationTest******
16:28:11.070 [main] INFO  testcases.TC_001_AccountRegistrationTest - click On MyAccount
16:28:11.552 [main] INFO  testcases.TC_001_AccountRegistrationTest - click On Register
16:28:11.598 [main] INFO  testcases.TC_001_AccountRegistrationTest - providing customer details
16:28:12.788 [main] INFO  testcases.TC_001_AccountRegistrationTest - click On Continue
16:28:12.835 [main] INFO  testcases.TC_001_AccountRegistrationTest - ******* Finished TC_001_AccountRegistrationTest******
16:28:18.224 [main] INFO  testcases.TC_002LoginTest - ***********TC_002_LoginTest******
16:28:18.313 [main] INFO  testcases.TC_002LoginTest - click on my account
16:28:18.569 [main] INFO  testcases.TC_002LoginTest - click on Login
16:28:18.664 [main] INFO  testcases.TC_002LoginTest - enter email
16:28:18.754 [main] INFO  testcases.TC_002LoginTest - enter pwd
16:28:19.063 [main] INFO  testcases.TC_002LoginTest - click on login
16:37:32.821 [main] INFO  testcases.TC_003_LoginDataDrivenTest - startting TC_003_LoginDataDrivenTest
16:37:33.064 [main] INFO  testcases.TC_003_LoginDataDrivenTest - click on my account
16:37:33.537 [main] INFO  testcases.TC_003_LoginDataDrivenTest - click on Login
16:37:33.679 [main] INFO  testcases.TC_003_LoginDataDrivenTest - enter email
16:37:33.764 [main] INFO  testcases.TC_003_LoginDataDrivenTest - enter pwd
16:37:34.074 [main] INFO  testcases.TC_003_LoginDataDrivenTest - click on login
16:37:34.480 [main] INFO  testcases.TC_003_LoginDataDrivenTest - Finished TC_003_LoginDataDrivenTest
16:37:34.609 [main] INFO  testcases.TC_003_LoginDataDrivenTest - startting TC_003_LoginDataDrivenTest
16:37:34.680 [main] INFO  testcases.TC_003_LoginDataDrivenTest - click on my account
16:37:34.909 [main] INFO  testcases.TC_003_LoginDataDrivenTest - click on Login
16:37:35.070 [main] INFO  testcases.TC_003_LoginDataDrivenTest - enter email
16:37:35.177 [main] INFO  testcases.TC_003_LoginDataDrivenTest - enter pwd
16:37:35.510 [main] INFO  testcases.TC_003_LoginDataDrivenTest - click on login
16:37:35.861 [main] INFO  testcases.TC_003_LoginDataDrivenTest - Finished TC_003_LoginDataDrivenTest
16:37:35.881 [main] INFO  testcases.TC_003_LoginDataDrivenTest - startting TC_003_LoginDataDrivenTest
16:37:35.932 [main] INFO  testcases.TC_003_LoginDataDrivenTest - click on my account
16:37:36.199 [main] INFO  testcases.TC_003_LoginDataDrivenTest - click on Login
16:37:36.304 [main] INFO  testcases.TC_003_LoginDataDrivenTest - enter email
16:37:36.385 [main] INFO  testcases.TC_003_LoginDataDrivenTest - enter pwd
16:37:36.626 [main] INFO  testcases.TC_003_LoginDataDrivenTest - click on login
16:37:37.044 [main] INFO  testcases.TC_003_LoginDataDrivenTest - Finished TC_003_LoginDataDrivenTest
16:37:37.058 [main] INFO  testcases.TC_003_LoginDataDrivenTest - startting TC_003_LoginDataDrivenTest
16:37:37.130 [main] INFO  testcases.TC_003_LoginDataDrivenTest - click on my account
16:37:37.381 [main] INFO  testcases.TC_003_LoginDataDrivenTest - click on Login
16:37:37.480 [main] INFO  testcases.TC_003_LoginDataDrivenTest - enter email
16:37:37.563 [main] INFO  testcases.TC_003_LoginDataDrivenTest - enter pwd
16:37:37.878 [main] INFO  testcases.TC_003_LoginDataDrivenTest - click on login
16:37:38.260 [main] INFO  testcases.TC_003_LoginDataDrivenTest - Finished TC_003_LoginDataDrivenTest
16:37:38.260 [main] INFO  testcases.TC_003_LoginDataDrivenTest - startting TC_003_LoginDataDrivenTest
16:37:38.325 [main] INFO  testcases.TC_003_LoginDataDrivenTest - click on my account
16:37:38.587 [main] INFO  testcases.TC_003_LoginDataDrivenTest - click on Login
16:37:38.686 [main] INFO  testcases.TC_003_LoginDataDrivenTest - enter email
16:37:38.766 [main] INFO  testcases.TC_003_LoginDataDrivenTest - enter pwd
16:37:39.005 [main] INFO  testcases.TC_003_LoginDataDrivenTest - click on login
16:37:39.414 [main] INFO  testcases.TC_003_LoginDataDrivenTest - Finished TC_003_LoginDataDrivenTest
08:32:58.527 [main] INFO  testcases.TC_001_AccountRegistrationTest - *******TC_001_AccountRegistrationTest******
08:32:59.046 [main] INFO  testcases.TC_001_AccountRegistrationTest - click On MyAccount
08:32:59.494 [main] INFO  testcases.TC_001_AccountRegistrationTest - click On Register
08:32:59.499 [main] INFO  testcases.TC_001_AccountRegistrationTest - providing customer details
10:34:23.742 [main] INFO  testcases.TC_003_LoginDataDrivenTest - startting TC_003_LoginDataDrivenTest
10:34:24.403 [main] INFO  testcases.TC_003_LoginDataDrivenTest - click on my account
10:34:24.714 [main] INFO  testcases.TC_003_LoginDataDrivenTest - click on Login
10:34:24.922 [main] INFO  testcases.TC_003_LoginDataDrivenTest - enter email
10:34:25.024 [main] INFO  testcases.TC_003_LoginDataDrivenTest - enter pwd
10:34:25.380 [main] INFO  testcases.TC_003_LoginDataDrivenTest - click on login
10:34:25.827 [main] INFO  testcases.TC_003_LoginDataDrivenTest - Finished TC_003_LoginDataDrivenTest
10:34:26.003 [main] INFO  testcases.TC_003_LoginDataDrivenTest - startting TC_003_LoginDataDrivenTest
10:34:26.104 [main] INFO  testcases.TC_003_LoginDataDrivenTest - click on my account
10:34:26.353 [main] INFO  testcases.TC_003_LoginDataDrivenTest - click on Login
10:34:26.476 [main] INFO  testcases.TC_003_LoginDataDrivenTest - enter email
10:34:26.566 [main] INFO  testcases.TC_003_LoginDataDrivenTest - enter pwd
10:34:26.816 [main] INFO  testcases.TC_003_LoginDataDrivenTest - click on login
10:34:27.217 [main] INFO  testcases.TC_003_LoginDataDrivenTest - Finished TC_003_LoginDataDrivenTest
10:34:27.233 [main] INFO  testcases.TC_003_LoginDataDrivenTest - startting TC_003_LoginDataDrivenTest
10:34:27.292 [main] INFO  testcases.TC_003_LoginDataDrivenTest - click on my account
10:34:27.533 [main] INFO  testcases.TC_003_LoginDataDrivenTest - click on Login
10:34:27.664 [main] INFO  testcases.TC_003_LoginDataDrivenTest - enter email
10:34:27.748 [main] INFO  testcases.TC_003_LoginDataDrivenTest - enter pwd
10:34:27.991 [main] INFO  testcases.TC_003_LoginDataDrivenTest - click on login
10:34:28.427 [main] INFO  testcases.TC_003_LoginDataDrivenTest - Finished TC_003_LoginDataDrivenTest
10:34:28.432 [main] INFO  testcases.TC_003_LoginDataDrivenTest - startting TC_003_LoginDataDrivenTest
10:34:28.501 [main] INFO  testcases.TC_003_LoginDataDrivenTest - click on my account
10:34:28.747 [main] INFO  testcases.TC_003_LoginDataDrivenTest - click on Login
10:34:28.844 [main] INFO  testcases.TC_003_LoginDataDrivenTest - enter email
10:34:28.940 [main] INFO  testcases.TC_003_LoginDataDrivenTest - enter pwd
10:34:29.185 [main] INFO  testcases.TC_003_LoginDataDrivenTest - click on login
10:34:29.607 [main] INFO  testcases.TC_003_LoginDataDrivenTest - Finished TC_003_LoginDataDrivenTest
10:34:29.643 [main] INFO  testcases.TC_003_LoginDataDrivenTest - startting TC_003_LoginDataDrivenTest
10:34:29.752 [main] INFO  testcases.TC_003_LoginDataDrivenTest - click on my account
10:34:30.000 [main] INFO  testcases.TC_003_LoginDataDrivenTest - click on Login
10:34:30.104 [main] INFO  testcases.TC_003_LoginDataDrivenTest - enter email
10:34:30.177 [main] INFO  testcases.TC_003_LoginDataDrivenTest - enter pwd
10:34:30.419 [main] INFO  testcases.TC_003_LoginDataDrivenTest - click on login
10:34:30.833 [main] INFO  testcases.TC_003_LoginDataDrivenTest - Finished TC_003_LoginDataDrivenTest
